[ 2016-06-01T07:41:00+08:00 ] 127.0.0.1 /ThinkPHP3.2.3_wish/
INFO: [ app_init ] --START--
INFO: Run Behavior\BuildLiteBehavior [ RunTime:0.000038s ]
INFO: [ app_init ] --END-- [ RunTime:0.010664s ]
INFO: [ app_begin ] --START--
INFO: Run Behavior\ReadHtmlCacheBehavior [ RunTime:0.010243s ]
INFO: [ app_begin ] --END-- [ RunTime:0.010418s ]
SQL: SHOW COLUMNS FROM `dl_wish` [ RunTime:0.1487s ]
SQL: SELECT * FROM `dl_wish`  [ RunTime:0.0013s ]
INFO: [ view_parse ] --START--
INFO: [ template_filter ] --START--
INFO: Run Behavior\ContentReplaceBehavior [ RunTime:0.000104s ]
INFO: [ template_filter ] --END-- [ RunTime:0.000261s ]
INFO: Run Behavior\ParseTemplateBehavior [ RunTime:0.160704s ]
INFO: [ view_parse ] --END-- [ RunTime:0.160973s ]
INFO: [ view_filter ] --START--
INFO: Run Behavior\WriteHtmlCacheBehavior [ RunTime:0.006243s ]
INFO: [ view_filter ] --END-- [ RunTime:0.006402s ]
INFO: [ app_end ] --START--
INFO: Run Behavior\ShowPageTraceBehavior [ RunTime:0.008390s ]
INFO: [ app_end ] --END-- [ RunTime:0.008666s ]

