[ 2016-05-19T09:26:11+08:00 ] 127.0.0.1 /ThinkPHP3.2.3_wish/
INFO: [ app_init ] --START--
INFO: Run Behavior\BuildLiteBehavior [ RunTime:0.000051s ]
INFO: [ app_init ] --END-- [ RunTime:0.118514s ]
INFO: [ app_begin ] --START--
INFO: Run Behavior\ReadHtmlCacheBehavior [ RunTime:0.035505s ]
INFO: [ app_begin ] --END-- [ RunTime:0.035672s ]
SQL: SHOW COLUMNS FROM `dl_wish` [ RunTime:0.1816s ]
SQL: SELECT * FROM `dl_wish`  [ RunTime:0.0009s ]
INFO: [ view_parse ] --START--
INFO: [ template_filter ] --START--
INFO: Run Behavior\ContentReplaceBehavior [ RunTime:0.016222s ]
INFO: [ template_filter ] --END-- [ RunTime:0.016398s ]
INFO: Run Behavior\ParseTemplateBehavior [ RunTime:0.504198s ]
INFO: [ view_parse ] --END-- [ RunTime:0.504406s ]
INFO: [ view_filter ] --START--
INFO: Run Behavior\WriteHtmlCacheBehavior [ RunTime:0.023419s ]
INFO: [ view_filter ] --END-- [ RunTime:0.023583s ]
INFO: [ app_end ] --START--
INFO: Run Behavior\ShowPageTraceBehavior [ RunTime:0.033271s ]
INFO: [ app_end ] --END-- [ RunTime:0.033424s ]

