[ 2016-05-31T10:01:51+08:00 ] 127.0.0.1 /ThinkPHP3.2.3_wish/
INFO: [ app_init ] --START--
INFO: Run Behavior\BuildLiteBehavior [ RunTime:0.000037s ]
INFO: [ app_init ] --END-- [ RunTime:0.008274s ]
INFO: [ app_begin ] --START--
INFO: Run Behavior\ReadHtmlCacheBehavior [ RunTime:0.010052s ]
INFO: [ app_begin ] --END-- [ RunTime:0.010217s ]
SQL: SHOW COLUMNS FROM `dl_wish` [ RunTime:0.0136s ]
SQL: SELECT * FROM `dl_wish`  [ RunTime:0.0006s ]
INFO: [ view_parse ] --START--
INFO: [ template_filter ] --START--
INFO: Run Behavior\ContentReplaceBehavior [ RunTime:0.000128s ]
INFO: [ template_filter ] --END-- [ RunTime:0.000319s ]
INFO: Run Behavior\ParseTemplateBehavior [ RunTime:0.095958s ]
INFO: [ view_parse ] --END-- [ RunTime:0.096193s ]
INFO: [ view_filter ] --START--
INFO: Run Behavior\WriteHtmlCacheBehavior [ RunTime:0.006278s ]
INFO: [ view_filter ] --END-- [ RunTime:0.006499s ]
INFO: [ app_end ] --START--
INFO: Run Behavior\ShowPageTraceBehavior [ RunTime:0.010570s ]
INFO: [ app_end ] --END-- [ RunTime:0.010893s ]

[ 2016-05-31T15:39:28+08:00 ] ::1 /ThinkPHP3.2.3_wish/
INFO: [ app_init ] --START--
INFO: Run Behavior\BuildLiteBehavior [ RunTime:0.000035s ]
INFO: [ app_init ] --END-- [ RunTime:0.000790s ]
INFO: [ app_begin ] --START--
INFO: Run Behavior\ReadHtmlCacheBehavior [ RunTime:0.000872s ]
INFO: [ app_begin ] --END-- [ RunTime:0.001060s ]
SQL: SHOW COLUMNS FROM `dl_wish` [ RunTime:0.0015s ]
SQL: SELECT * FROM `dl_wish`  [ RunTime:0.0007s ]
INFO: [ view_parse ] --START--
INFO: [ template_filter ] --START--
INFO: Run Behavior\ContentReplaceBehavior [ RunTime:0.000093s ]
INFO: [ template_filter ] --END-- [ RunTime:0.000273s ]
INFO: Run Behavior\ParseTemplateBehavior [ RunTime:0.037698s ]
INFO: [ view_parse ] --END-- [ RunTime:0.037933s ]
INFO: [ view_filter ] --START--
INFO: Run Behavior\WriteHtmlCacheBehavior [ RunTime:0.000834s ]
INFO: [ view_filter ] --END-- [ RunTime:0.001071s ]
INFO: [ app_end ] --START--
INFO: Run Behavior\ShowPageTraceBehavior [ RunTime:0.001390s ]
INFO: [ app_end ] --END-- [ RunTime:0.001719s ]

[ 2016-05-31T23:43:57+08:00 ] 127.0.0.1 /ThinkPHP3.2.3_wish/
INFO: [ app_init ] --START--
INFO: Run Behavior\BuildLiteBehavior [ RunTime:0.000030s ]
INFO: [ app_init ] --END-- [ RunTime:0.000615s ]
INFO: [ app_begin ] --START--
INFO: Run Behavior\ReadHtmlCacheBehavior [ RunTime:0.001158s ]
INFO: [ app_begin ] --END-- [ RunTime:0.001462s ]
SQL: SHOW COLUMNS FROM `dl_wish` [ RunTime:0.0018s ]
SQL: SELECT * FROM `dl_wish`  [ RunTime:0.0005s ]
INFO: [ view_parse ] --START--
INFO: [ template_filter ] --START--
INFO: Run Behavior\ContentReplaceBehavior [ RunTime:0.000087s ]
INFO: [ template_filter ] --END-- [ RunTime:0.000241s ]
INFO: Run Behavior\ParseTemplateBehavior [ RunTime:0.033156s ]
INFO: [ view_parse ] --END-- [ RunTime:0.033362s ]
INFO: [ view_filter ] --START--
INFO: Run Behavior\WriteHtmlCacheBehavior [ RunTime:0.000670s ]
INFO: [ view_filter ] --END-- [ RunTime:0.000820s ]
INFO: [ app_end ] --START--
INFO: Run Behavior\ShowPageTraceBehavior [ RunTime:0.001285s ]
INFO: [ app_end ] --END-- [ RunTime:0.001597s ]

[ 2016-05-31T23:44:00+08:00 ] 127.0.0.1 /ThinkPHP3.2.3_wish/
INFO: [ app_init ] --START--
INFO: Run Behavior\BuildLiteBehavior [ RunTime:0.000031s ]
INFO: [ app_init ] --END-- [ RunTime:0.000641s ]
INFO: [ app_begin ] --START--
INFO: Run Behavior\ReadHtmlCacheBehavior [ RunTime:0.000747s ]
INFO: [ app_begin ] --END-- [ RunTime:0.000893s ]
SQL: SHOW COLUMNS FROM `dl_wish` [ RunTime:0.0021s ]
SQL: SELECT * FROM `dl_wish`  [ RunTime:0.0005s ]
INFO: [ view_parse ] --START--
INFO: [ template_filter ] --START--
INFO: Run Behavior\ContentReplaceBehavior [ RunTime:0.000083s ]
INFO: [ template_filter ] --END-- [ RunTime:0.000232s ]
INFO: Run Behavior\ParseTemplateBehavior [ RunTime:0.011827s ]
INFO: [ view_parse ] --END-- [ RunTime:0.011988s ]
INFO: [ view_filter ] --START--
INFO: Run Behavior\WriteHtmlCacheBehavior [ RunTime:0.000711s ]
INFO: [ view_filter ] --END-- [ RunTime:0.000859s ]
INFO: [ app_end ] --START--
INFO: Run Behavior\ShowPageTraceBehavior [ RunTime:0.001012s ]
INFO: [ app_end ] --END-- [ RunTime:0.001327s ]

