[ 2016-05-30T05:35:32+08:00 ] 127.0.0.1 /ThinkPHP3.2.3_wish/Public/Admin/Flat/docs/assets/css/demo.css
INFO: [ app_init ] --START--
INFO: Run Behavior\BuildLiteBehavior [ RunTime:0.000038s ]
INFO: [ app_init ] --END-- [ RunTime:0.000882s ]
ERR: 无法加载模块:Public

[ 2016-05-30T05:35:44+08:00 ] 127.0.0.1 /ThinkPHP3.2.3_wish/login.html
INFO: [ app_init ] --START--
INFO: Run Behavior\BuildLiteBehavior [ RunTime:0.000031s ]
INFO: [ app_init ] --END-- [ RunTime:0.000603s ]
ERR: 无法加载模块:Login

[ 2016-05-30T06:33:16+08:00 ] 127.0.0.1 /ThinkPHP3.2.3_wish/Public/Admin/Flat/docs/assets/css/demo.css
INFO: [ app_init ] --START--
INFO: Run Behavior\BuildLiteBehavior [ RunTime:0.000033s ]
INFO: [ app_init ] --END-- [ RunTime:0.000621s ]
ERR: 无法加载模块:Public

[ 2016-05-30T06:34:36+08:00 ] 127.0.0.1 /ThinkPHP3.2.3_wish/Public/Admin/Flat/docs/assets/css/demo.css
INFO: [ app_init ] --START--
INFO: Run Behavior\BuildLiteBehavior [ RunTime:0.000057s ]
INFO: [ app_init ] --END-- [ RunTime:0.000827s ]
ERR: 无法加载模块:Public

[ 2016-05-30T06:40:22+08:00 ] 127.0.0.1 /ThinkPHP3.2.3_wish/Public/Admin/Flat/docs/assets/css/demo.css
INFO: [ app_init ] --START--
INFO: Run Behavior\BuildLiteBehavior [ RunTime:0.000033s ]
INFO: [ app_init ] --END-- [ RunTime:0.000585s ]
ERR: 无法加载模块:Public

[ 2016-05-30T06:49:53+08:00 ] 127.0.0.1 /ThinkPHP3.2.3_wish/Public/Admin/Flat/docs/assets/css/demo.css
INFO: [ app_init ] --START--
INFO: Run Behavior\BuildLiteBehavior [ RunTime:0.000043s ]
INFO: [ app_init ] --END-- [ RunTime:0.000647s ]
ERR: 无法加载模块:Public

[ 2016-05-30T06:50:29+08:00 ] 127.0.0.1 /ThinkPHP3.2.3_wish/Public/Admin/Flat/docs/assets/css/demo.css
INFO: [ app_init ] --START--
INFO: Run Behavior\BuildLiteBehavior [ RunTime:0.000033s ]
INFO: [ app_init ] --END-- [ RunTime:0.000625s ]
ERR: 无法加载模块:Public

[ 2016-05-30T06:50:57+08:00 ] 127.0.0.1 /ThinkPHP3.2.3_wish/Public/Admin/Flat/docs/assets/css/demo.css
INFO: [ app_init ] --START--
INFO: Run Behavior\BuildLiteBehavior [ RunTime:0.000032s ]
INFO: [ app_init ] --END-- [ RunTime:0.000628s ]
ERR: 无法加载模块:Public

[ 2016-05-30T06:53:31+08:00 ] 127.0.0.1 /ThinkPHP3.2.3_wish/Public/Admin/Flat/docs/assets/css/demo.css
INFO: [ app_init ] --START--
INFO: Run Behavior\BuildLiteBehavior [ RunTime:0.000055s ]
INFO: [ app_init ] --END-- [ RunTime:0.000682s ]
ERR: 无法加载模块:Public

[ 2016-05-30T06:54:13+08:00 ] 127.0.0.1 /ThinkPHP3.2.3_wish/Public/Admin/Flat/docs/assets/css/demo.css
INFO: [ app_init ] --START--
INFO: Run Behavior\BuildLiteBehavior [ RunTime:0.000033s ]
INFO: [ app_init ] --END-- [ RunTime:0.000646s ]
ERR: 无法加载模块:Public

[ 2016-05-30T06:54:20+08:00 ] 127.0.0.1 /ThinkPHP3.2.3_wish/Public/Admin/Flat/docs/assets/css/demo.css
INFO: [ app_init ] --START--
INFO: Run Behavior\BuildLiteBehavior [ RunTime:0.000131s ]
INFO: [ app_init ] --END-- [ RunTime:0.001094s ]
ERR: 无法加载模块:Public

[ 2016-05-30T06:57:35+08:00 ] 127.0.0.1 /ThinkPHP3.2.3_wish/Public/Admin/Flat/docs/assets/css/demo.css
INFO: [ app_init ] --START--
INFO: Run Behavior\BuildLiteBehavior [ RunTime:0.000033s ]
INFO: [ app_init ] --END-- [ RunTime:0.000632s ]
ERR: 无法加载模块:Public

[ 2016-05-30T06:57:47+08:00 ] 127.0.0.1 /ThinkPHP3.2.3_wish/Public/Admin/Flat/docs/assets/css/demo.css
INFO: [ app_init ] --START--
INFO: Run Behavior\BuildLiteBehavior [ RunTime:0.000036s ]
INFO: [ app_init ] --END-- [ RunTime:0.000590s ]
ERR: 无法加载模块:Public

[ 2016-05-30T10:04:54+08:00 ] 127.0.0.1 /ThinkPHP3.2.3_wish/Public/Admin/Flat/docs/assets/css/demo.css
INFO: [ app_init ] --START--
INFO: Run Behavior\BuildLiteBehavior [ RunTime:0.000033s ]
INFO: [ app_init ] --END-- [ RunTime:0.000654s ]
ERR: 无法加载模块:Public

[ 2016-05-30T10:10:48+08:00 ] 127.0.0.1 /ThinkPHP3.2.3_wish/Public/Admin/Flat/docs/assets/css/demo.css
INFO: [ app_init ] --START--
INFO: Run Behavior\BuildLiteBehavior [ RunTime:0.000033s ]
INFO: [ app_init ] --END-- [ RunTime:0.000599s ]
ERR: 无法加载模块:Public

[ 2016-05-30T10:10:51+08:00 ] 127.0.0.1 /ThinkPHP3.2.3_wish/Public/Admin/Flat/docs/assets/css/demo.css
INFO: [ app_init ] --START--
INFO: Run Behavior\BuildLiteBehavior [ RunTime:0.000068s ]
INFO: [ app_init ] --END-- [ RunTime:0.001181s ]
ERR: 无法加载模块:Public

[ 2016-05-30T10:10:56+08:00 ] 127.0.0.1 /ThinkPHP3.2.3_wish/Public/Admin/Flat/docs/assets/css/demo.css
INFO: [ app_init ] --START--
INFO: Run Behavior\BuildLiteBehavior [ RunTime:0.000032s ]
INFO: [ app_init ] --END-- [ RunTime:0.000593s ]
ERR: 无法加载模块:Public

[ 2016-05-30T10:11:04+08:00 ] 127.0.0.1 /ThinkPHP3.2.3_wish/Public/Admin/Flat/docs/assets/css/demo.css
INFO: [ app_init ] --START--
INFO: Run Behavior\BuildLiteBehavior [ RunTime:0.000033s ]
INFO: [ app_init ] --END-- [ RunTime:0.000603s ]
ERR: 无法加载模块:Public

[ 2016-05-30T10:21:33+08:00 ] 127.0.0.1 /ThinkPHP3.2.3_wish/Public/Admin/Flat/docs/assets/css/demo.css
INFO: [ app_init ] --START--
INFO: Run Behavior\BuildLiteBehavior [ RunTime:0.000033s ]
INFO: [ app_init ] --END-- [ RunTime:0.000774s ]
ERR: 无法加载模块:Public

[ 2016-05-30T10:21:50+08:00 ] 127.0.0.1 /ThinkPHP3.2.3_wish/Public/Admin/Flat/docs/assets/css/demo.css
INFO: [ app_init ] --START--
INFO: Run Behavior\BuildLiteBehavior [ RunTime:0.000031s ]
INFO: [ app_init ] --END-- [ RunTime:0.000588s ]
ERR: 无法加载模块:Public

[ 2016-05-30T10:22:20+08:00 ] 127.0.0.1 /ThinkPHP3.2.3_wish/Public/Admin/Flat/docs/assets/css/demo.css
INFO: [ app_init ] --START--
INFO: Run Behavior\BuildLiteBehavior [ RunTime:0.000030s ]
INFO: [ app_init ] --END-- [ RunTime:0.000611s ]
ERR: 无法加载模块:Public

[ 2016-05-30T10:22:27+08:00 ] 127.0.0.1 /ThinkPHP3.2.3_wish/Public/Admin/Flat/docs/assets/css/demo.css
INFO: [ app_init ] --START--
INFO: Run Behavior\BuildLiteBehavior [ RunTime:0.000033s ]
INFO: [ app_init ] --END-- [ RunTime:0.000602s ]
ERR: 无法加载模块:Public

[ 2016-05-30T10:22:50+08:00 ] 127.0.0.1 /ThinkPHP3.2.3_wish/Public/Admin/Flat/docs/assets/css/demo.css
INFO: [ app_init ] --START--
INFO: Run Behavior\BuildLiteBehavior [ RunTime:0.000032s ]
INFO: [ app_init ] --END-- [ RunTime:0.000591s ]
ERR: 无法加载模块:Public

[ 2016-05-30T10:23:01+08:00 ] 127.0.0.1 /ThinkPHP3.2.3_wish/Public/Admin/Flat/docs/assets/css/demo.css
INFO: [ app_init ] --START--
INFO: Run Behavior\BuildLiteBehavior [ RunTime:0.000032s ]
INFO: [ app_init ] --END-- [ RunTime:0.000582s ]
ERR: 无法加载模块:Public

[ 2016-05-30T10:23:16+08:00 ] 127.0.0.1 /ThinkPHP3.2.3_wish/Public/Admin/Flat/docs/assets/css/demo.css
INFO: [ app_init ] --START--
INFO: Run Behavior\BuildLiteBehavior [ RunTime:0.000032s ]
INFO: [ app_init ] --END-- [ RunTime:0.000595s ]
ERR: 无法加载模块:Public

[ 2016-05-30T10:23:35+08:00 ] 127.0.0.1 /ThinkPHP3.2.3_wish/Public/Admin/Flat/docs/assets/css/demo.css
INFO: [ app_init ] --START--
INFO: Run Behavior\BuildLiteBehavior [ RunTime:0.000064s ]
INFO: [ app_init ] --END-- [ RunTime:0.000854s ]
ERR: 无法加载模块:Public

[ 2016-05-30T10:23:50+08:00 ] 127.0.0.1 /ThinkPHP3.2.3_wish/Public/Admin/Flat/docs/assets/css/demo.css
INFO: [ app_init ] --START--
INFO: Run Behavior\BuildLiteBehavior [ RunTime:0.000062s ]
INFO: [ app_init ] --END-- [ RunTime:0.000899s ]
ERR: 无法加载模块:Public

[ 2016-05-30T10:23:50+08:00 ] 127.0.0.1 /ThinkPHP3.2.3_wish/Public/Admin/Flat/docs/assets/css/demo.css
INFO: [ app_init ] --START--
INFO: Run Behavior\BuildLiteBehavior [ RunTime:0.000032s ]
INFO: [ app_init ] --END-- [ RunTime:0.000633s ]
ERR: 无法加载模块:Public

[ 2016-05-30T10:24:05+08:00 ] 127.0.0.1 /ThinkPHP3.2.3_wish/Public/Admin/Flat/docs/assets/css/demo.css
INFO: [ app_init ] --START--
INFO: Run Behavior\BuildLiteBehavior [ RunTime:0.000032s ]
INFO: [ app_init ] --END-- [ RunTime:0.000614s ]
ERR: 无法加载模块:Public

[ 2016-05-30T10:24:18+08:00 ] 127.0.0.1 /ThinkPHP3.2.3_wish/Public/Admin/Flat/docs/assets/css/demo.css
INFO: [ app_init ] --START--
INFO: Run Behavior\BuildLiteBehavior [ RunTime:0.000033s ]
INFO: [ app_init ] --END-- [ RunTime:0.000806s ]
ERR: 无法加载模块:Public

[ 2016-05-30T10:24:46+08:00 ] 127.0.0.1 /ThinkPHP3.2.3_wish/Public/Admin/Flat/docs/assets/css/demo.css
INFO: [ app_init ] --START--
INFO: Run Behavior\BuildLiteBehavior [ RunTime:0.000033s ]
INFO: [ app_init ] --END-- [ RunTime:0.000637s ]
ERR: 无法加载模块:Public

[ 2016-05-30T10:25:14+08:00 ] 127.0.0.1 /ThinkPHP3.2.3_wish/Public/Admin/Flat/docs/assets/css/demo.css
INFO: [ app_init ] --START--
INFO: Run Behavior\BuildLiteBehavior [ RunTime:0.000058s ]
INFO: [ app_init ] --END-- [ RunTime:0.000993s ]
ERR: 无法加载模块:Public

[ 2016-05-30T10:25:23+08:00 ] 127.0.0.1 /ThinkPHP3.2.3_wish/Public/Admin/Flat/docs/assets/css/demo.css
INFO: [ app_init ] --START--
INFO: Run Behavior\BuildLiteBehavior [ RunTime:0.000032s ]
INFO: [ app_init ] --END-- [ RunTime:0.000703s ]
ERR: 无法加载模块:Public

[ 2016-05-30T10:26:16+08:00 ] 127.0.0.1 /ThinkPHP3.2.3_wish/Public/Admin/Flat/docs/assets/css/demo.css
INFO: [ app_init ] --START--
INFO: Run Behavior\BuildLiteBehavior [ RunTime:0.000033s ]
INFO: [ app_init ] --END-- [ RunTime:0.000655s ]
ERR: 无法加载模块:Public

[ 2016-05-30T10:26:17+08:00 ] 127.0.0.1 /ThinkPHP3.2.3_wish/Public/Admin/Flat/docs/assets/css/demo.css
INFO: [ app_init ] --START--
INFO: Run Behavior\BuildLiteBehavior [ RunTime:0.000065s ]
INFO: [ app_init ] --END-- [ RunTime:0.001153s ]
ERR: 无法加载模块:Public

[ 2016-05-30T10:29:07+08:00 ] 127.0.0.1 /ThinkPHP3.2.3_wish/Public/Admin/Flat/docs/assets/css/demo.css
INFO: [ app_init ] --START--
INFO: Run Behavior\BuildLiteBehavior [ RunTime:0.000033s ]
INFO: [ app_init ] --END-- [ RunTime:0.000664s ]
ERR: 无法加载模块:Public

[ 2016-05-30T10:29:13+08:00 ] 127.0.0.1 /ThinkPHP3.2.3_wish/Public/Admin/Flat/docs/assets/css/demo.css
INFO: [ app_init ] --START--
INFO: Run Behavior\BuildLiteBehavior [ RunTime:0.000056s ]
INFO: [ app_init ] --END-- [ RunTime:0.000913s ]
ERR: 无法加载模块:Public

[ 2016-05-30T10:29:17+08:00 ] 127.0.0.1 /ThinkPHP3.2.3_wish/Public/Admin/Flat/docs/assets/css/demo.css
INFO: [ app_init ] --START--
INFO: Run Behavior\BuildLiteBehavior [ RunTime:0.000033s ]
INFO: [ app_init ] --END-- [ RunTime:0.000763s ]
ERR: 无法加载模块:Public

[ 2016-05-30T10:32:27+08:00 ] 127.0.0.1 /ThinkPHP3.2.3_wish/Public/Admin/Flat/docs/assets/css/demo.css
INFO: [ app_init ] --START--
INFO: Run Behavior\BuildLiteBehavior [ RunTime:0.000142s ]
INFO: [ app_init ] --END-- [ RunTime:0.001224s ]
ERR: 无法加载模块:Public

[ 2016-05-30T10:32:58+08:00 ] 127.0.0.1 /ThinkPHP3.2.3_wish/Public/Admin/Flat/docs/assets/css/demo.css
INFO: [ app_init ] --START--
INFO: Run Behavior\BuildLiteBehavior [ RunTime:0.000059s ]
INFO: [ app_init ] --END-- [ RunTime:0.001059s ]
ERR: 无法加载模块:Public

[ 2016-05-30T10:33:00+08:00 ] 127.0.0.1 /ThinkPHP3.2.3_wish/Public/Admin/Flat/docs/assets/css/demo.css
INFO: [ app_init ] --START--
INFO: Run Behavior\BuildLiteBehavior [ RunTime:0.000034s ]
INFO: [ app_init ] --END-- [ RunTime:0.000701s ]
ERR: 无法加载模块:Public

[ 2016-05-30T10:33:38+08:00 ] 127.0.0.1 /ThinkPHP3.2.3_wish/Public/Admin/Flat/docs/assets/css/demo.css
INFO: [ app_init ] --START--
INFO: Run Behavior\BuildLiteBehavior [ RunTime:0.000057s ]
INFO: [ app_init ] --END-- [ RunTime:0.001026s ]
ERR: 无法加载模块:Public

[ 2016-05-30T10:34:43+08:00 ] 127.0.0.1 /ThinkPHP3.2.3_wish/Public/Admin/Flat/docs/assets/css/demo.css
INFO: [ app_init ] --START--
INFO: Run Behavior\BuildLiteBehavior [ RunTime:0.000064s ]
INFO: [ app_init ] --END-- [ RunTime:0.001013s ]
ERR: 无法加载模块:Public

[ 2016-05-30T10:34:59+08:00 ] 127.0.0.1 /ThinkPHP3.2.3_wish/Public/Admin/Flat/docs/assets/css/demo.css
INFO: [ app_init ] --START--
INFO: Run Behavior\BuildLiteBehavior [ RunTime:0.000061s ]
INFO: [ app_init ] --END-- [ RunTime:0.001113s ]
ERR: 无法加载模块:Public

[ 2016-05-30T10:35:13+08:00 ] 127.0.0.1 /ThinkPHP3.2.3_wish/Public/Admin/Flat/docs/assets/css/demo.css
INFO: [ app_init ] --START--
INFO: Run Behavior\BuildLiteBehavior [ RunTime:0.000063s ]
INFO: [ app_init ] --END-- [ RunTime:0.001158s ]
ERR: 无法加载模块:Public

[ 2016-05-30T10:35:55+08:00 ] 127.0.0.1 /ThinkPHP3.2.3_wish/Public/Admin/Flat/docs/assets/css/demo.css
INFO: [ app_init ] --START--
INFO: Run Behavior\BuildLiteBehavior [ RunTime:0.000060s ]
INFO: [ app_init ] --END-- [ RunTime:0.001063s ]
ERR: 无法加载模块:Public

[ 2016-05-30T10:36:11+08:00 ] 127.0.0.1 /ThinkPHP3.2.3_wish/Public/Admin/Flat/docs/assets/css/demo.css
INFO: [ app_init ] --START--
INFO: Run Behavior\BuildLiteBehavior [ RunTime:0.000064s ]
INFO: [ app_init ] --END-- [ RunTime:0.001040s ]
ERR: 无法加载模块:Public

[ 2016-05-30T10:45:21+08:00 ] 127.0.0.1 /ThinkPHP3.2.3_wish/Public/Admin/Flat/docs/assets/css/demo.css
INFO: [ app_init ] --START--
INFO: Run Behavior\BuildLiteBehavior [ RunTime:0.000068s ]
INFO: [ app_init ] --END-- [ RunTime:0.001214s ]
ERR: 无法加载模块:Public

[ 2016-05-30T10:46:08+08:00 ] 127.0.0.1 /ThinkPHP3.2.3_wish/Public/Admin/Flat/docs/assets/css/demo.css
INFO: [ app_init ] --START--
INFO: Run Behavior\BuildLiteBehavior [ RunTime:0.000076s ]
INFO: [ app_init ] --END-- [ RunTime:0.001098s ]
ERR: 无法加载模块:Public

[ 2016-05-30T10:51:28+08:00 ] 127.0.0.1 /ThinkPHP3.2.3_wish/Public/Admin/Flat/docs/assets/css/demo.css
INFO: [ app_init ] --START--
INFO: Run Behavior\BuildLiteBehavior [ RunTime:0.000030s ]
INFO: [ app_init ] --END-- [ RunTime:0.000701s ]
ERR: 无法加载模块:Public

[ 2016-05-30T10:54:36+08:00 ] 127.0.0.1 /ThinkPHP3.2.3_wish/Public/Admin/Flat/docs/assets/css/demo.css
INFO: [ app_init ] --START--
INFO: Run Behavior\BuildLiteBehavior [ RunTime:0.000063s ]
INFO: [ app_init ] --END-- [ RunTime:0.000973s ]
ERR: 无法加载模块:Public

[ 2016-05-30T10:54:43+08:00 ] 127.0.0.1 /ThinkPHP3.2.3_wish/Public/Admin/Flat/docs/assets/css/demo.css
INFO: [ app_init ] --START--
INFO: Run Behavior\BuildLiteBehavior [ RunTime:0.000053s ]
INFO: [ app_init ] --END-- [ RunTime:0.000725s ]
ERR: 无法加载模块:Public

[ 2016-05-30T10:56:22+08:00 ] 127.0.0.1 /ThinkPHP3.2.3_wish/Public/Admin/Flat/docs/assets/css/demo.css
INFO: [ app_init ] --START--
INFO: Run Behavior\BuildLiteBehavior [ RunTime:0.000032s ]
INFO: [ app_init ] --END-- [ RunTime:0.000609s ]
ERR: 无法加载模块:Public

[ 2016-05-30T10:59:25+08:00 ] 127.0.0.1 /ThinkPHP3.2.3_wish/Public/Admin/Flat/docs/assets/css/demo.css
INFO: [ app_init ] --START--
INFO: Run Behavior\BuildLiteBehavior [ RunTime:0.000034s ]
INFO: [ app_init ] --END-- [ RunTime:0.000684s ]
ERR: 无法加载模块:Public

[ 2016-05-30T10:59:31+08:00 ] 127.0.0.1 /ThinkPHP3.2.3_wish/Public/Admin/Flat/docs/assets/css/demo.css
INFO: [ app_init ] --START--
INFO: Run Behavior\BuildLiteBehavior [ RunTime:0.000058s ]
INFO: [ app_init ] --END-- [ RunTime:0.000919s ]
ERR: 无法加载模块:Public

[ 2016-05-30T11:24:46+08:00 ] 127.0.0.1 /ThinkPHP3.2.3_wish/Public/Admin/Flat/docs/assets/css/demo.css
INFO: [ app_init ] --START--
INFO: Run Behavior\BuildLiteBehavior [ RunTime:0.000038s ]
INFO: [ app_init ] --END-- [ RunTime:0.001001s ]
ERR: 无法加载模块:Public

[ 2016-05-30T11:26:16+08:00 ] 127.0.0.1 /ThinkPHP3.2.3_wish/Public/Admin/Flat/docs/assets/css/demo.css
INFO: [ app_init ] --START--
INFO: Run Behavior\BuildLiteBehavior [ RunTime:0.000064s ]
INFO: [ app_init ] --END-- [ RunTime:0.001341s ]
ERR: 无法加载模块:Public

[ 2016-05-30T11:26:31+08:00 ] 127.0.0.1 /ThinkPHP3.2.3_wish/Public/Admin/Flat/docs/assets/css/demo.css
INFO: [ app_init ] --START--
INFO: Run Behavior\BuildLiteBehavior [ RunTime:0.000068s ]
INFO: [ app_init ] --END-- [ RunTime:0.001169s ]
ERR: 无法加载模块:Public

[ 2016-05-30T11:26:35+08:00 ] 127.0.0.1 /ThinkPHP3.2.3_wish/Public/Admin/Flat/docs/assets/css/demo.css
INFO: [ app_init ] --START--
INFO: Run Behavior\BuildLiteBehavior [ RunTime:0.000033s ]
INFO: [ app_init ] --END-- [ RunTime:0.000664s ]
ERR: 无法加载模块:Public

[ 2016-05-30T11:26:39+08:00 ] 127.0.0.1 /ThinkPHP3.2.3_wish/Public/Admin/Flat/docs/assets/css/demo.css
INFO: [ app_init ] --START--
INFO: Run Behavior\BuildLiteBehavior [ RunTime:0.000061s ]
INFO: [ app_init ] --END-- [ RunTime:0.001366s ]
ERR: 无法加载模块:Public

[ 2016-05-30T11:26:40+08:00 ] 127.0.0.1 /ThinkPHP3.2.3_wish/Public/Admin/Flat/docs/assets/css/demo.css
INFO: [ app_init ] --START--
INFO: Run Behavior\BuildLiteBehavior [ RunTime:0.000130s ]
INFO: [ app_init ] --END-- [ RunTime:0.001352s ]
ERR: 无法加载模块:Public

[ 2016-05-30T11:26:41+08:00 ] 127.0.0.1 /ThinkPHP3.2.3_wish/Public/Admin/Flat/docs/assets/css/demo.css
INFO: [ app_init ] --START--
INFO: Run Behavior\BuildLiteBehavior [ RunTime:0.000032s ]
INFO: [ app_init ] --END-- [ RunTime:0.000613s ]
ERR: 无法加载模块:Public

[ 2016-05-30T11:26:44+08:00 ] 127.0.0.1 /ThinkPHP3.2.3_wish/Public/Admin/Flat/docs/assets/css/demo.css
INFO: [ app_init ] --START--
INFO: Run Behavior\BuildLiteBehavior [ RunTime:0.000034s ]
INFO: [ app_init ] --END-- [ RunTime:0.000841s ]
ERR: 无法加载模块:Public

[ 2016-05-30T11:26:45+08:00 ] 127.0.0.1 /ThinkPHP3.2.3_wish/Public/Admin/Flat/docs/assets/css/demo.css
INFO: [ app_init ] --START--
INFO: Run Behavior\BuildLiteBehavior [ RunTime:0.000066s ]
INFO: [ app_init ] --END-- [ RunTime:0.001487s ]
ERR: 无法加载模块:Public

[ 2016-05-30T11:26:57+08:00 ] 127.0.0.1 /ThinkPHP3.2.3_wish/Public/Admin/Flat/docs/assets/css/demo.css
INFO: [ app_init ] --START--
INFO: Run Behavior\BuildLiteBehavior [ RunTime:0.000033s ]
INFO: [ app_init ] --END-- [ RunTime:0.000622s ]
ERR: 无法加载模块:Public

[ 2016-05-30T11:27:09+08:00 ] 127.0.0.1 /ThinkPHP3.2.3_wish/Public/Admin/Flat/docs/assets/css/demo.css
INFO: [ app_init ] --START--
INFO: Run Behavior\BuildLiteBehavior [ RunTime:0.000033s ]
INFO: [ app_init ] --END-- [ RunTime:0.000711s ]
ERR: 无法加载模块:Public

[ 2016-05-30T11:27:11+08:00 ] 127.0.0.1 /ThinkPHP3.2.3_wish/Public/Admin/Flat/docs/assets/css/demo.css
INFO: [ app_init ] --START--
INFO: Run Behavior\BuildLiteBehavior [ RunTime:0.000065s ]
INFO: [ app_init ] --END-- [ RunTime:0.001035s ]
ERR: 无法加载模块:Public

[ 2016-05-30T11:28:10+08:00 ] 127.0.0.1 /ThinkPHP3.2.3_wish/Public/Admin/Flat/docs/assets/css/demo.css
INFO: [ app_init ] --START--
INFO: Run Behavior\BuildLiteBehavior [ RunTime:0.000032s ]
INFO: [ app_init ] --END-- [ RunTime:0.000608s ]
ERR: 无法加载模块:Public

[ 2016-05-30T11:28:11+08:00 ] 127.0.0.1 /ThinkPHP3.2.3_wish/Public/Admin/Flat/docs/assets/css/demo.css
INFO: [ app_init ] --START--
INFO: Run Behavior\BuildLiteBehavior [ RunTime:0.000066s ]
INFO: [ app_init ] --END-- [ RunTime:0.001011s ]
ERR: 无法加载模块:Public

[ 2016-05-30T11:31:17+08:00 ] 127.0.0.1 /ThinkPHP3.2.3_wish/Public/Admin/Flat/docs/assets/css/demo.css
INFO: [ app_init ] --START--
INFO: Run Behavior\BuildLiteBehavior [ RunTime:0.000052s ]
INFO: [ app_init ] --END-- [ RunTime:0.000686s ]
ERR: 无法加载模块:Public

[ 2016-05-30T11:31:44+08:00 ] 127.0.0.1 /ThinkPHP3.2.3_wish/Public/Admin/Flat/docs/assets/css/demo.css
INFO: [ app_init ] --START--
INFO: Run Behavior\BuildLiteBehavior [ RunTime:0.000031s ]
INFO: [ app_init ] --END-- [ RunTime:0.000595s ]
ERR: 无法加载模块:Public

[ 2016-05-30T11:31:45+08:00 ] 127.0.0.1 /ThinkPHP3.2.3_wish/Public/Admin/Flat/docs/assets/css/demo.css
INFO: [ app_init ] --START--
INFO: Run Behavior\BuildLiteBehavior [ RunTime:0.000031s ]
INFO: [ app_init ] --END-- [ RunTime:0.000576s ]
ERR: 无法加载模块:Public

[ 2016-05-30T11:32:18+08:00 ] 127.0.0.1 /ThinkPHP3.2.3_wish/Public/Admin/Flat/docs/assets/css/demo.css
INFO: [ app_init ] --START--
INFO: Run Behavior\BuildLiteBehavior [ RunTime:0.000031s ]
INFO: [ app_init ] --END-- [ RunTime:0.000617s ]
ERR: 无法加载模块:Public

[ 2016-05-30T11:32:20+08:00 ] 127.0.0.1 /ThinkPHP3.2.3_wish/Public/Admin/Flat/docs/assets/css/demo.css
INFO: [ app_init ] --START--
INFO: Run Behavior\BuildLiteBehavior [ RunTime:0.000062s ]
INFO: [ app_init ] --END-- [ RunTime:0.001898s ]
ERR: 无法加载模块:Public

[ 2016-05-30T11:32:22+08:00 ] 127.0.0.1 /ThinkPHP3.2.3_wish/Public/Admin/Flat/docs/assets/css/demo.css
INFO: [ app_init ] --START--
INFO: Run Behavior\BuildLiteBehavior [ RunTime:0.000039s ]
INFO: [ app_init ] --END-- [ RunTime:0.000616s ]
ERR: 无法加载模块:Public

[ 2016-05-30T11:33:13+08:00 ] 127.0.0.1 /ThinkPHP3.2.3_wish/Public/Admin/Flat/docs/assets/css/demo.css
INFO: [ app_init ] --START--
INFO: Run Behavior\BuildLiteBehavior [ RunTime:0.000033s ]
INFO: [ app_init ] --END-- [ RunTime:0.000826s ]
ERR: 无法加载模块:Public

[ 2016-05-30T11:35:46+08:00 ] 127.0.0.1 /ThinkPHP3.2.3_wish/Public/Admin/Flat/docs/assets/css/demo.css
INFO: [ app_init ] --START--
INFO: Run Behavior\BuildLiteBehavior [ RunTime:0.000033s ]
INFO: [ app_init ] --END-- [ RunTime:0.000609s ]
ERR: 无法加载模块:Public

[ 2016-05-30T11:36:37+08:00 ] 127.0.0.1 /ThinkPHP3.2.3_wish/Public/Admin/Flat/docs/assets/css/demo.css
INFO: [ app_init ] --START--
INFO: Run Behavior\BuildLiteBehavior [ RunTime:0.000066s ]
INFO: [ app_init ] --END-- [ RunTime:0.001058s ]
ERR: 无法加载模块:Public

[ 2016-05-30T11:36:50+08:00 ] 127.0.0.1 /ThinkPHP3.2.3_wish/Public/Admin/Flat/docs/assets/css/demo.css
INFO: [ app_init ] --START--
INFO: Run Behavior\BuildLiteBehavior [ RunTime:0.000031s ]
INFO: [ app_init ] --END-- [ RunTime:0.000614s ]
ERR: 无法加载模块:Public

[ 2016-05-30T11:36:52+08:00 ] 127.0.0.1 /ThinkPHP3.2.3_wish/Public/Admin/Flat/docs/assets/css/demo.css
INFO: [ app_init ] --START--
INFO: Run Behavior\BuildLiteBehavior [ RunTime:0.000152s ]
INFO: [ app_init ] --END-- [ RunTime:0.001809s ]
ERR: 无法加载模块:Public

[ 2016-05-30T11:36:53+08:00 ] 127.0.0.1 /ThinkPHP3.2.3_wish/Public/Admin/Flat/docs/assets/css/demo.css
INFO: [ app_init ] --START--
INFO: Run Behavior\BuildLiteBehavior [ RunTime:0.000067s ]
INFO: [ app_init ] --END-- [ RunTime:0.001239s ]
ERR: 无法加载模块:Public

[ 2016-05-30T11:36:55+08:00 ] 127.0.0.1 /ThinkPHP3.2.3_wish/Public/Admin/Flat/docs/assets/css/demo.css
INFO: [ app_init ] --START--
INFO: Run Behavior\BuildLiteBehavior [ RunTime:0.000032s ]
INFO: [ app_init ] --END-- [ RunTime:0.000638s ]
ERR: 无法加载模块:Public

[ 2016-05-30T11:36:58+08:00 ] 127.0.0.1 /ThinkPHP3.2.3_wish/Public/Admin/Flat/docs/assets/css/demo.css
INFO: [ app_init ] --START--
INFO: Run Behavior\BuildLiteBehavior [ RunTime:0.000047s ]
INFO: [ app_init ] --END-- [ RunTime:0.002995s ]
ERR: 无法加载模块:Public

[ 2016-05-30T11:39:33+08:00 ] 127.0.0.1 /ThinkPHP3.2.3_wish/Public/Admin/Flat/docs/assets/css/demo.css
INFO: [ app_init ] --START--
INFO: Run Behavior\BuildLiteBehavior [ RunTime:0.000080s ]
INFO: [ app_init ] --END-- [ RunTime:0.001000s ]
ERR: 无法加载模块:Public

[ 2016-05-30T11:39:40+08:00 ] 127.0.0.1 /ThinkPHP3.2.3_wish/Public/Admin/Flat/docs/assets/css/demo.css
INFO: [ app_init ] --START--
INFO: Run Behavior\BuildLiteBehavior [ RunTime:0.000034s ]
INFO: [ app_init ] --END-- [ RunTime:0.000609s ]
ERR: 无法加载模块:Public

[ 2016-05-30T11:39:42+08:00 ] 127.0.0.1 /ThinkPHP3.2.3_wish/Public/Admin/Flat/docs/assets/css/demo.css
INFO: [ app_init ] --START--
INFO: Run Behavior\BuildLiteBehavior [ RunTime:0.000102s ]
INFO: [ app_init ] --END-- [ RunTime:0.000894s ]
ERR: 无法加载模块:Public

[ 2016-05-30T11:39:43+08:00 ] 127.0.0.1 /ThinkPHP3.2.3_wish/Public/Admin/Flat/docs/assets/css/demo.css
INFO: [ app_init ] --START--
INFO: Run Behavior\BuildLiteBehavior [ RunTime:0.000053s ]
INFO: [ app_init ] --END-- [ RunTime:0.000910s ]
ERR: 无法加载模块:Public

[ 2016-05-30T11:39:44+08:00 ] 127.0.0.1 /ThinkPHP3.2.3_wish/Public/Admin/Flat/docs/assets/css/demo.css
INFO: [ app_init ] --START--
INFO: Run Behavior\BuildLiteBehavior [ RunTime:0.000120s ]
INFO: [ app_init ] --END-- [ RunTime:0.001370s ]
ERR: 无法加载模块:Public

[ 2016-05-30T11:39:46+08:00 ] 127.0.0.1 /ThinkPHP3.2.3_wish/Public/Admin/Flat/docs/assets/css/demo.css
INFO: [ app_init ] --START--
INFO: Run Behavior\BuildLiteBehavior [ RunTime:0.000032s ]
INFO: [ app_init ] --END-- [ RunTime:0.000639s ]
ERR: 无法加载模块:Public

[ 2016-05-30T11:39:47+08:00 ] 127.0.0.1 /ThinkPHP3.2.3_wish/Public/Admin/Flat/docs/assets/css/demo.css
INFO: [ app_init ] --START--
INFO: Run Behavior\BuildLiteBehavior [ RunTime:0.000039s ]
INFO: [ app_init ] --END-- [ RunTime:0.000616s ]
ERR: 无法加载模块:Public

[ 2016-05-30T11:39:48+08:00 ] 127.0.0.1 /ThinkPHP3.2.3_wish/Public/Admin/Flat/docs/assets/css/demo.css
INFO: [ app_init ] --START--
INFO: Run Behavior\BuildLiteBehavior [ RunTime:0.000033s ]
INFO: [ app_init ] --END-- [ RunTime:0.000628s ]
ERR: 无法加载模块:Public

[ 2016-05-30T11:39:48+08:00 ] 127.0.0.1 /ThinkPHP3.2.3_wish/Public/Admin/Flat/docs/assets/css/demo.css
INFO: [ app_init ] --START--
INFO: Run Behavior\BuildLiteBehavior [ RunTime:0.000053s ]
INFO: [ app_init ] --END-- [ RunTime:0.000757s ]
ERR: 无法加载模块:Public

[ 2016-05-30T11:40:52+08:00 ] 127.0.0.1 /ThinkPHP3.2.3_wish/Public/Admin/Flat/docs/assets/css/demo.css
INFO: [ app_init ] --START--
INFO: Run Behavior\BuildLiteBehavior [ RunTime:0.000056s ]
INFO: [ app_init ] --END-- [ RunTime:0.000703s ]
ERR: 无法加载模块:Public

[ 2016-05-30T11:43:14+08:00 ] 127.0.0.1 /ThinkPHP3.2.3_wish/Public/Admin/Flat/docs/assets/css/demo.css
INFO: [ app_init ] --START--
INFO: Run Behavior\BuildLiteBehavior [ RunTime:0.000071s ]
INFO: [ app_init ] --END-- [ RunTime:0.001424s ]
ERR: 无法加载模块:Public

[ 2016-05-30T11:43:16+08:00 ] 127.0.0.1 /ThinkPHP3.2.3_wish/Public/Admin/Flat/docs/assets/css/demo.css
INFO: [ app_init ] --START--
INFO: Run Behavior\BuildLiteBehavior [ RunTime:0.000061s ]
INFO: [ app_init ] --END-- [ RunTime:0.000959s ]
ERR: 无法加载模块:Public

[ 2016-05-30T11:43:17+08:00 ] 127.0.0.1 /ThinkPHP3.2.3_wish/Public/Admin/Flat/docs/assets/css/demo.css
INFO: [ app_init ] --START--
INFO: Run Behavior\BuildLiteBehavior [ RunTime:0.000032s ]
INFO: [ app_init ] --END-- [ RunTime:0.000591s ]
ERR: 无法加载模块:Public

[ 2016-05-30T11:43:23+08:00 ] 127.0.0.1 /ThinkPHP3.2.3_wish/Public/Admin/Flat/docs/assets/css/demo.css
INFO: [ app_init ] --START--
INFO: Run Behavior\BuildLiteBehavior [ RunTime:0.000085s ]
INFO: [ app_init ] --END-- [ RunTime:0.001351s ]
ERR: 无法加载模块:Public

[ 2016-05-30T11:43:24+08:00 ] 127.0.0.1 /ThinkPHP3.2.3_wish/Public/Admin/Flat/docs/assets/css/demo.css
INFO: [ app_init ] --START--
INFO: Run Behavior\BuildLiteBehavior [ RunTime:0.000033s ]
INFO: [ app_init ] --END-- [ RunTime:0.000579s ]
ERR: 无法加载模块:Public

[ 2016-05-30T11:43:29+08:00 ] 127.0.0.1 /ThinkPHP3.2.3_wish/Public/Admin/Flat/docs/assets/css/demo.css
INFO: [ app_init ] --START--
INFO: Run Behavior\BuildLiteBehavior [ RunTime:0.000062s ]
INFO: [ app_init ] --END-- [ RunTime:0.000937s ]
ERR: 无法加载模块:Public

[ 2016-05-30T11:43:31+08:00 ] 127.0.0.1 /ThinkPHP3.2.3_wish/Public/Admin/Flat/docs/assets/css/demo.css
INFO: [ app_init ] --START--
INFO: Run Behavior\BuildLiteBehavior [ RunTime:0.000066s ]
INFO: [ app_init ] --END-- [ RunTime:0.001110s ]
ERR: 无法加载模块:Public

[ 2016-05-30T11:43:34+08:00 ] 127.0.0.1 /ThinkPHP3.2.3_wish/Public/Admin/Flat/docs/assets/css/demo.css
INFO: [ app_init ] --START--
INFO: Run Behavior\BuildLiteBehavior [ RunTime:0.000033s ]
INFO: [ app_init ] --END-- [ RunTime:0.000591s ]
ERR: 无法加载模块:Public

[ 2016-05-30T11:43:37+08:00 ] 127.0.0.1 /ThinkPHP3.2.3_wish/Public/Admin/Flat/docs/assets/css/demo.css
INFO: [ app_init ] --START--
INFO: Run Behavior\BuildLiteBehavior [ RunTime:0.000033s ]
INFO: [ app_init ] --END-- [ RunTime:0.000645s ]
ERR: 无法加载模块:Public

[ 2016-05-30T11:43:38+08:00 ] 127.0.0.1 /ThinkPHP3.2.3_wish/Public/Admin/Flat/docs/assets/css/demo.css
INFO: [ app_init ] --START--
INFO: Run Behavior\BuildLiteBehavior [ RunTime:0.000032s ]
INFO: [ app_init ] --END-- [ RunTime:0.000576s ]
ERR: 无法加载模块:Public

[ 2016-05-30T11:47:55+08:00 ] 127.0.0.1 /ThinkPHP3.2.3_wish/Public/Admin/Flat/docs/assets/css/demo.css
INFO: [ app_init ] --START--
INFO: Run Behavior\BuildLiteBehavior [ RunTime:0.000057s ]
INFO: [ app_init ] --END-- [ RunTime:0.001128s ]
ERR: 无法加载模块:Public

[ 2016-05-30T16:17:04+08:00 ] 127.0.0.1 /ThinkPHP3.2.3_wish/Public/Admin/Flat/docs/assets/css/demo.css
INFO: [ app_init ] --START--
INFO: Run Behavior\BuildLiteBehavior [ RunTime:0.000032s ]
INFO: [ app_init ] --END-- [ RunTime:0.000612s ]
ERR: 无法加载模块:Public

[ 2016-05-30T16:17:07+08:00 ] 127.0.0.1 /ThinkPHP3.2.3_wish/Public/Admin/Flat/docs/assets/css/demo.css
INFO: [ app_init ] --START--
INFO: Run Behavior\BuildLiteBehavior [ RunTime:0.000033s ]
INFO: [ app_init ] --END-- [ RunTime:0.000625s ]
ERR: 无法加载模块:Public

[ 2016-05-30T16:17:37+08:00 ] 127.0.0.1 /ThinkPHP3.2.3_wish/Public/Admin/Flat/docs/assets/css/demo.css
INFO: [ app_init ] --START--
INFO: Run Behavior\BuildLiteBehavior [ RunTime:0.000032s ]
INFO: [ app_init ] --END-- [ RunTime:0.000620s ]
ERR: 无法加载模块:Public

[ 2016-05-30T16:17:48+08:00 ] 127.0.0.1 /ThinkPHP3.2.3_wish/Public/Admin/Flat/docs/assets/css/demo.css
INFO: [ app_init ] --START--
INFO: Run Behavior\BuildLiteBehavior [ RunTime:0.000032s ]
INFO: [ app_init ] --END-- [ RunTime:0.000729s ]
ERR: 无法加载模块:Public

[ 2016-05-30T16:17:59+08:00 ] 127.0.0.1 /ThinkPHP3.2.3_wish/Public/Admin/Flat/docs/assets/css/demo.css
INFO: [ app_init ] --START--
INFO: Run Behavior\BuildLiteBehavior [ RunTime:0.000032s ]
INFO: [ app_init ] --END-- [ RunTime:0.000612s ]
ERR: 无法加载模块:Public

[ 2016-05-30T16:18:05+08:00 ] 127.0.0.1 /ThinkPHP3.2.3_wish/Public/Admin/Flat/docs/assets/css/demo.css
INFO: [ app_init ] --START--
INFO: Run Behavior\BuildLiteBehavior [ RunTime:0.000032s ]
INFO: [ app_init ] --END-- [ RunTime:0.000734s ]
ERR: 无法加载模块:Public

[ 2016-05-30T16:18:06+08:00 ] 127.0.0.1 /ThinkPHP3.2.3_wish/Public/Admin/Flat/docs/assets/css/demo.css
INFO: [ app_init ] --START--
INFO: Run Behavior\BuildLiteBehavior [ RunTime:0.000065s ]
INFO: [ app_init ] --END-- [ RunTime:0.000977s ]
ERR: 无法加载模块:Public

[ 2016-05-30T16:22:16+08:00 ] 127.0.0.1 /ThinkPHP3.2.3_wish/Public/Admin/Flat/docs/assets/css/demo.css
INFO: [ app_init ] --START--
INFO: Run Behavior\BuildLiteBehavior [ RunTime:0.000032s ]
INFO: [ app_init ] --END-- [ RunTime:0.000645s ]
ERR: 无法加载模块:Public

[ 2016-05-30T16:22:21+08:00 ] 127.0.0.1 /ThinkPHP3.2.3_wish/Public/Admin/Flat/docs/assets/css/demo.css
INFO: [ app_init ] --START--
INFO: Run Behavior\BuildLiteBehavior [ RunTime:0.000031s ]
INFO: [ app_init ] --END-- [ RunTime:0.000594s ]
ERR: 无法加载模块:Public

[ 2016-05-30T16:22:25+08:00 ] 127.0.0.1 /ThinkPHP3.2.3_wish/Public/Admin/Flat/docs/assets/css/demo.css
INFO: [ app_init ] --START--
INFO: Run Behavior\BuildLiteBehavior [ RunTime:0.000069s ]
INFO: [ app_init ] --END-- [ RunTime:0.000968s ]
ERR: 无法加载模块:Public

[ 2016-05-30T16:23:09+08:00 ] 127.0.0.1 /ThinkPHP3.2.3_wish/Public/Admin/Flat/docs/assets/css/demo.css
INFO: [ app_init ] --START--
INFO: Run Behavior\BuildLiteBehavior [ RunTime:0.000033s ]
INFO: [ app_init ] --END-- [ RunTime:0.000607s ]
ERR: 无法加载模块:Public

[ 2016-05-30T16:23:12+08:00 ] 127.0.0.1 /ThinkPHP3.2.3_wish/Public/Admin/Flat/docs/assets/css/demo.css
INFO: [ app_init ] --START--
INFO: Run Behavior\BuildLiteBehavior [ RunTime:0.000069s ]
INFO: [ app_init ] --END-- [ RunTime:0.001151s ]
ERR: 无法加载模块:Public

[ 2016-05-30T16:23:13+08:00 ] 127.0.0.1 /ThinkPHP3.2.3_wish/Public/Admin/Flat/docs/assets/css/demo.css
INFO: [ app_init ] --START--
INFO: Run Behavior\BuildLiteBehavior [ RunTime:0.000051s ]
INFO: [ app_init ] --END-- [ RunTime:0.000957s ]
ERR: 无法加载模块:Public

[ 2016-05-30T16:24:36+08:00 ] 127.0.0.1 /ThinkPHP3.2.3_wish/Public/Admin/Flat/docs/assets/css/demo.css
INFO: [ app_init ] --START--
INFO: Run Behavior\BuildLiteBehavior [ RunTime:0.000060s ]
INFO: [ app_init ] --END-- [ RunTime:0.001042s ]
ERR: 无法加载模块:Public

[ 2016-05-30T16:24:41+08:00 ] 127.0.0.1 /ThinkPHP3.2.3_wish/Public/Admin/Flat/docs/assets/css/demo.css
INFO: [ app_init ] --START--
INFO: Run Behavior\BuildLiteBehavior [ RunTime:0.000045s ]
INFO: [ app_init ] --END-- [ RunTime:0.000622s ]
ERR: 无法加载模块:Public

[ 2016-05-30T16:24:43+08:00 ] 127.0.0.1 /ThinkPHP3.2.3_wish/Public/Admin/Flat/docs/assets/css/demo.css
INFO: [ app_init ] --START--
INFO: Run Behavior\BuildLiteBehavior [ RunTime:0.000034s ]
INFO: [ app_init ] --END-- [ RunTime:0.000651s ]
ERR: 无法加载模块:Public

[ 2016-05-30T16:24:46+08:00 ] 127.0.0.1 /ThinkPHP3.2.3_wish/Public/Admin/Flat/docs/assets/css/demo.css
INFO: [ app_init ] --START--
INFO: Run Behavior\BuildLiteBehavior [ RunTime:0.000063s ]
INFO: [ app_init ] --END-- [ RunTime:0.000881s ]
ERR: 无法加载模块:Public

[ 2016-05-30T16:26:04+08:00 ] 127.0.0.1 /ThinkPHP3.2.3_wish/Public/Admin/Flat/docs/assets/css/demo.css
INFO: [ app_init ] --START--
INFO: Run Behavior\BuildLiteBehavior [ RunTime:0.000384s ]
INFO: [ app_init ] --END-- [ RunTime:0.001508s ]
ERR: 无法加载模块:Public

[ 2016-05-30T16:32:59+08:00 ] 127.0.0.1 /ThinkPHP3.2.3_wish/Public/Admin/Flat/docs/assets/css/demo.css
INFO: [ app_init ] --START--
INFO: Run Behavior\BuildLiteBehavior [ RunTime:0.000061s ]
INFO: [ app_init ] --END-- [ RunTime:0.001194s ]
ERR: 无法加载模块:Public

[ 2016-05-30T16:33:03+08:00 ] 127.0.0.1 /ThinkPHP3.2.3_wish/Public/Admin/Flat/docs/assets/css/demo.css
INFO: [ app_init ] --START--
INFO: Run Behavior\BuildLiteBehavior [ RunTime:0.000049s ]
INFO: [ app_init ] --END-- [ RunTime:0.000663s ]
ERR: 无法加载模块:Public

[ 2016-05-30T17:54:43+08:00 ] 127.0.0.1 /ThinkPHP3.2.3_wish/Public/Admin/Flat/docs/assets/css/demo.css
INFO: [ app_init ] --START--
INFO: Run Behavior\BuildLiteBehavior [ RunTime:0.000032s ]
INFO: [ app_init ] --END-- [ RunTime:0.000712s ]
ERR: 无法加载模块:Public

[ 2016-05-30T17:54:46+08:00 ] 127.0.0.1 /ThinkPHP3.2.3_wish/tag.html
INFO: [ app_init ] --START--
INFO: Run Behavior\BuildLiteBehavior [ RunTime:0.000040s ]
INFO: [ app_init ] --END-- [ RunTime:0.000693s ]
ERR: 无法加载模块:Tag

[ 2016-05-30T17:55:12+08:00 ] 127.0.0.1 /ThinkPHP3.2.3_wish/tag.html
INFO: [ app_init ] --START--
INFO: Run Behavior\BuildLiteBehavior [ RunTime:0.000039s ]
INFO: [ app_init ] --END-- [ RunTime:0.000795s ]
ERR: 无法加载模块:Tag

[ 2016-05-30T17:55:14+08:00 ] 127.0.0.1 /ThinkPHP3.2.3_wish/tag.html
INFO: [ app_init ] --START--
INFO: Run Behavior\BuildLiteBehavior [ RunTime:0.000035s ]
INFO: [ app_init ] --END-- [ RunTime:0.000697s ]
ERR: 无法加载模块:Tag

[ 2016-05-30T17:55:14+08:00 ] 127.0.0.1 /ThinkPHP3.2.3_wish/tag.html
INFO: [ app_init ] --START--
INFO: Run Behavior\BuildLiteBehavior [ RunTime:0.000036s ]
INFO: [ app_init ] --END-- [ RunTime:0.000713s ]
ERR: 无法加载模块:Tag

[ 2016-05-30T17:55:15+08:00 ] 127.0.0.1 /ThinkPHP3.2.3_wish/tag.html
INFO: [ app_init ] --START--
INFO: Run Behavior\BuildLiteBehavior [ RunTime:0.000036s ]
INFO: [ app_init ] --END-- [ RunTime:0.000686s ]
ERR: 无法加载模块:Tag

[ 2016-05-30T17:55:15+08:00 ] 127.0.0.1 /ThinkPHP3.2.3_wish/tag.html
INFO: [ app_init ] --START--
INFO: Run Behavior\BuildLiteBehavior [ RunTime:0.000031s ]
INFO: [ app_init ] --END-- [ RunTime:0.000597s ]
ERR: 无法加载模块:Tag

[ 2016-05-30T17:55:36+08:00 ] 127.0.0.1 /ThinkPHP3.2.3_wish/Public/Admin/Flat/docs/assets/css/demo.css
INFO: [ app_init ] --START--
INFO: Run Behavior\BuildLiteBehavior [ RunTime:0.000033s ]
INFO: [ app_init ] --END-- [ RunTime:0.000592s ]
ERR: 无法加载模块:Public

[ 2016-05-30T17:56:01+08:00 ] 127.0.0.1 /ThinkPHP3.2.3_wish/Public/Admin/Flat/docs/assets/css/demo.css
INFO: [ app_init ] --START--
INFO: Run Behavior\BuildLiteBehavior [ RunTime:0.000059s ]
INFO: [ app_init ] --END-- [ RunTime:0.000952s ]
ERR: 无法加载模块:Public

[ 2016-05-30T17:56:04+08:00 ] 127.0.0.1 /ThinkPHP3.2.3_wish/tag.html
INFO: [ app_init ] --START--
INFO: Run Behavior\BuildLiteBehavior [ RunTime:0.000037s ]
INFO: [ app_init ] --END-- [ RunTime:0.000672s ]
ERR: 无法加载模块:Tag

[ 2016-05-30T17:56:28+08:00 ] 127.0.0.1 /ThinkPHP3.2.3_wish/Public/Admin/Flat/docs/assets/css/demo.css
INFO: [ app_init ] --START--
INFO: Run Behavior\BuildLiteBehavior [ RunTime:0.000032s ]
INFO: [ app_init ] --END-- [ RunTime:0.000597s ]
ERR: 无法加载模块:Public

[ 2016-05-30T17:57:19+08:00 ] 127.0.0.1 /ThinkPHP3.2.3_wish/Public/Admin/Flat/docs/assets/css/demo.css
INFO: [ app_init ] --START--
INFO: Run Behavior\BuildLiteBehavior [ RunTime:0.000034s ]
INFO: [ app_init ] --END-- [ RunTime:0.000766s ]
ERR: 无法加载模块:Public

[ 2016-05-30T17:58:51+08:00 ] 127.0.0.1 /ThinkPHP3.2.3_wish/Public/Admin/Flat/docs/assets/css/demo.css
INFO: [ app_init ] --START--
INFO: Run Behavior\BuildLiteBehavior [ RunTime:0.000045s ]
INFO: [ app_init ] --END-- [ RunTime:0.000985s ]
ERR: 无法加载模块:Public

[ 2016-05-30T17:59:27+08:00 ] 127.0.0.1 /ThinkPHP3.2.3_wish/Public/Admin/Flat/docs/assets/css/demo.css
INFO: [ app_init ] --START--
INFO: Run Behavior\BuildLiteBehavior [ RunTime:0.000065s ]
INFO: [ app_init ] --END-- [ RunTime:0.000971s ]
ERR: 无法加载模块:Public

[ 2016-05-30T17:59:44+08:00 ] 127.0.0.1 /ThinkPHP3.2.3_wish/Public/Admin/Flat/docs/assets/css/demo.css
INFO: [ app_init ] --START--
INFO: Run Behavior\BuildLiteBehavior [ RunTime:0.000037s ]
INFO: [ app_init ] --END-- [ RunTime:0.000671s ]
ERR: 无法加载模块:Public

[ 2016-05-30T18:01:00+08:00 ] 127.0.0.1 /ThinkPHP3.2.3_wish/Public/Admin/Flat/docs/assets/css/demo.css
INFO: [ app_init ] --START--
INFO: Run Behavior\BuildLiteBehavior [ RunTime:0.000065s ]
INFO: [ app_init ] --END-- [ RunTime:0.001279s ]
ERR: 无法加载模块:Public

[ 2016-05-30T18:04:47+08:00 ] 127.0.0.1 /ThinkPHP3.2.3_wish/Public/Admin/Flat/docs/assets/css/demo.css
INFO: [ app_init ] --START--
INFO: Run Behavior\BuildLiteBehavior [ RunTime:0.000063s ]
INFO: [ app_init ] --END-- [ RunTime:0.001051s ]
ERR: 无法加载模块:Public

[ 2016-05-30T18:05:41+08:00 ] 127.0.0.1 /ThinkPHP3.2.3_wish/Public/Admin/Flat/docs/assets/css/demo.css
INFO: [ app_init ] --START--
INFO: Run Behavior\BuildLiteBehavior [ RunTime:0.000037s ]
INFO: [ app_init ] --END-- [ RunTime:0.000659s ]
ERR: 无法加载模块:Public

[ 2016-05-30T18:05:43+08:00 ] 127.0.0.1 /ThinkPHP3.2.3_wish/Public/Admin/Flat/docs/assets/css/demo.css
INFO: [ app_init ] --START--
INFO: Run Behavior\BuildLiteBehavior [ RunTime:0.000038s ]
INFO: [ app_init ] --END-- [ RunTime:0.000639s ]
ERR: 无法加载模块:Public

[ 2016-05-30T18:06:44+08:00 ] 127.0.0.1 /ThinkPHP3.2.3_wish/Public/Admin/Flat/docs/assets/css/demo.css
INFO: [ app_init ] --START--
INFO: Run Behavior\BuildLiteBehavior [ RunTime:0.000030s ]
INFO: [ app_init ] --END-- [ RunTime:0.000551s ]
ERR: 无法加载模块:Public

[ 2016-05-30T18:06:46+08:00 ] 127.0.0.1 /ThinkPHP3.2.3_wish/Public/Admin/Flat/docs/assets/css/demo.css
INFO: [ app_init ] --START--
INFO: Run Behavior\BuildLiteBehavior [ RunTime:0.000031s ]
INFO: [ app_init ] --END-- [ RunTime:0.000650s ]
ERR: 无法加载模块:Public

[ 2016-05-30T18:07:24+08:00 ] 127.0.0.1 /ThinkPHP3.2.3_wish/Public/Admin/Flat/docs/assets/css/demo.css
INFO: [ app_init ] --START--
INFO: Run Behavior\BuildLiteBehavior [ RunTime:0.000069s ]
INFO: [ app_init ] --END-- [ RunTime:0.001179s ]
ERR: 无法加载模块:Public

[ 2016-05-30T18:07:26+08:00 ] 127.0.0.1 /ThinkPHP3.2.3_wish/Public/Admin/Flat/docs/assets/css/demo.css
INFO: [ app_init ] --START--
INFO: Run Behavior\BuildLiteBehavior [ RunTime:0.000038s ]
INFO: [ app_init ] --END-- [ RunTime:0.000637s ]
ERR: 无法加载模块:Public

[ 2016-05-30T18:09:37+08:00 ] 127.0.0.1 /ThinkPHP3.2.3_wish/Public/Admin/Flat/docs/assets/css/demo.css
INFO: [ app_init ] --START--
INFO: Run Behavior\BuildLiteBehavior [ RunTime:0.000039s ]
INFO: [ app_init ] --END-- [ RunTime:0.000716s ]
ERR: 无法加载模块:Public

[ 2016-05-30T18:09:39+08:00 ] 127.0.0.1 /ThinkPHP3.2.3_wish/Public/Admin/Flat/docs/assets/css/demo.css
INFO: [ app_init ] --START--
INFO: Run Behavior\BuildLiteBehavior [ RunTime:0.000037s ]
INFO: [ app_init ] --END-- [ RunTime:0.000625s ]
ERR: 无法加载模块:Public

[ 2016-05-30T19:01:55+08:00 ] 127.0.0.1 /ThinkPHP3.2.3_wish/tag.html
INFO: [ app_init ] --START--
INFO: Run Behavior\BuildLiteBehavior [ RunTime:0.000031s ]
INFO: [ app_init ] --END-- [ RunTime:0.000637s ]
ERR: 无法加载模块:Tag

[ 2016-05-30T19:05:24+08:00 ] 127.0.0.1 /ThinkPHP3.2.3_wish/Public/Admin/Flat/docs/assets/css/demo.css
INFO: [ app_init ] --START--
INFO: Run Behavior\BuildLiteBehavior [ RunTime:0.000033s ]
INFO: [ app_init ] --END-- [ RunTime:0.000716s ]
ERR: 无法加载模块:Public

[ 2016-05-30T19:06:03+08:00 ] 127.0.0.1 /ThinkPHP3.2.3_wish/Public/Admin/Flat/docs/assets/css/demo.css
INFO: [ app_init ] --START--
INFO: Run Behavior\BuildLiteBehavior [ RunTime:0.000048s ]
INFO: [ app_init ] --END-- [ RunTime:0.000644s ]
ERR: 无法加载模块:Public

[ 2016-05-30T19:08:54+08:00 ] 127.0.0.1 /ThinkPHP3.2.3_wish/Public/Admin/Flat/docs/assets/css/demo.css
INFO: [ app_init ] --START--
INFO: Run Behavior\BuildLiteBehavior [ RunTime:0.000034s ]
INFO: [ app_init ] --END-- [ RunTime:0.000745s ]
ERR: 无法加载模块:Public

[ 2016-05-30T19:09:59+08:00 ] 127.0.0.1 /ThinkPHP3.2.3_wish/Public/Admin/Flat/docs/assets/css/demo.css
INFO: [ app_init ] --START--
INFO: Run Behavior\BuildLiteBehavior [ RunTime:0.000031s ]
INFO: [ app_init ] --END-- [ RunTime:0.000573s ]
ERR: 无法加载模块:Public

[ 2016-05-30T19:10:01+08:00 ] 127.0.0.1 /ThinkPHP3.2.3_wish/Public/Admin/Flat/docs/assets/css/demo.css
INFO: [ app_init ] --START--
INFO: Run Behavior\BuildLiteBehavior [ RunTime:0.000059s ]
INFO: [ app_init ] --END-- [ RunTime:0.001243s ]
ERR: 无法加载模块:Public

[ 2016-05-30T19:10:27+08:00 ] 127.0.0.1 /ThinkPHP3.2.3_wish/Public/Admin/Flat/docs/assets/css/demo.css
INFO: [ app_init ] --START--
INFO: Run Behavior\BuildLiteBehavior [ RunTime:0.000032s ]
INFO: [ app_init ] --END-- [ RunTime:0.000612s ]
ERR: 无法加载模块:Public

[ 2016-05-30T19:10:30+08:00 ] 127.0.0.1 /ThinkPHP3.2.3_wish/Public/Admin/Flat/docs/assets/css/demo.css
INFO: [ app_init ] --START--
INFO: Run Behavior\BuildLiteBehavior [ RunTime:0.000052s ]
INFO: [ app_init ] --END-- [ RunTime:0.000874s ]
ERR: 无法加载模块:Public

[ 2016-05-30T19:11:37+08:00 ] 127.0.0.1 /ThinkPHP3.2.3_wish/Public/Admin/Flat/docs/assets/css/demo.css
INFO: [ app_init ] --START--
INFO: Run Behavior\BuildLiteBehavior [ RunTime:0.000059s ]
INFO: [ app_init ] --END-- [ RunTime:0.000974s ]
ERR: 无法加载模块:Public

[ 2016-05-30T19:11:43+08:00 ] 127.0.0.1 /ThinkPHP3.2.3_wish/Public/Admin/Flat/docs/assets/css/demo.css
INFO: [ app_init ] --START--
INFO: Run Behavior\BuildLiteBehavior [ RunTime:0.000032s ]
INFO: [ app_init ] --END-- [ RunTime:0.000606s ]
ERR: 无法加载模块:Public

[ 2016-05-30T19:12:12+08:00 ] 127.0.0.1 /ThinkPHP3.2.3_wish/Public/Admin/Flat/docs/assets/css/demo.css
INFO: [ app_init ] --START--
INFO: Run Behavior\BuildLiteBehavior [ RunTime:0.000058s ]
INFO: [ app_init ] --END-- [ RunTime:0.000945s ]
ERR: 无法加载模块:Public

[ 2016-05-30T19:12:57+08:00 ] 127.0.0.1 /ThinkPHP3.2.3_wish/Public/Admin/Flat/docs/assets/css/demo.css
INFO: [ app_init ] --START--
INFO: Run Behavior\BuildLiteBehavior [ RunTime:0.000521s ]
INFO: [ app_init ] --END-- [ RunTime:0.002495s ]
ERR: 无法加载模块:Public

[ 2016-05-30T19:19:16+08:00 ] 127.0.0.1 /ThinkPHP3.2.3_wish/Public/Admin/Flat/docs/assets/css/demo.css
INFO: [ app_init ] --START--
INFO: Run Behavior\BuildLiteBehavior [ RunTime:0.000035s ]
INFO: [ app_init ] --END-- [ RunTime:0.000712s ]
ERR: 无法加载模块:Public

